#-----------------------------------------------------------
# Vivado v2019.2 (64-bit)
# SW Build 2708876 on Wed Nov  6 21:40:23 MST 2019
# IP Build 2700528 on Thu Nov  7 00:09:20 MST 2019
# Start of session at: Sun Sep  3 14:16:25 2023
# Process ID: 15308
# Current directory: E:/Vivado_project/新建文件夹/new
# Command line: vivado.exe -gui_launcher_event rodinguilauncherevent3712 E:\Vivado_project\新建文件夹\new\new.xpr
# Log file: E:/Vivado_project/新建文件夹/new/vivado.log
# Journal file: E:/Vivado_project/新建文件夹/new\vivado.jou
#-----------------------------------------------------------
start_gui
open_project E:/Vivado_project/新建文件夹/new/new.xpr
INFO: [Project 1-313] Project file moved from 'D:/vivadoProject/new' since last save.
Scanning sources...
Finished scanning sources
INFO: [IP_Flow 19-234] Refreshing IP repositories
INFO: [IP_Flow 19-1704] No user IP repositories specified
INFO: [IP_Flow 19-2313] Loaded Vivado IP repository 'D:/vivado/Vivado/2019.2/data/ip'.
update_compile_order -fileset sources_1
exit
INFO: [Common 17-206] Exiting Vivado at Sun Sep  3 14:22:41 2023...
