#-----------------------------------------------------------
# Vivado v2019.2 (64-bit)
# SW Build 2708876 on Wed Nov  6 21:40:23 MST 2019
# IP Build 2700528 on Thu Nov  7 00:09:20 MST 2019
# Start of session at: Fri Aug 25 11:11:30 2023
# Process ID: 18860
# Current directory: F:/new
# Command line: vivado.exe -gui_launcher_event rodinguilauncherevent12764 F:\new\new.xpr
# Log file: F:/new/vivado.log
# Journal file: F:/new\vivado.jou
#-----------------------------------------------------------
start_gui
open_project F:/new/new.xpr
Scanning sources...
Finished scanning sources
INFO: [IP_Flow 19-234] Refreshing IP repositories
INFO: [IP_Flow 19-1704] No user IP repositories specified
INFO: [IP_Flow 19-2313] Loaded Vivado IP repository 'F:/vivado/Vivado/2019.2/data/ip'.
update_compile_order -fileset sources_1
launch_simulation
Command: launch_simulation 
INFO: [Vivado 12-5682] Launching behavioral simulation in 'F:/new/new.sim/sim_1/behav/xsim'
INFO: [SIM-utils-51] Simulation object is 'sim_1'
INFO: [SIM-utils-54] Inspecting design source files for 'tb_riscv_top' in fileset 'sim_1'...
INFO: [USF-XSim-97] Finding global include files...
INFO: [USF-XSim-98] Fetching design files from 'sim_1'...
INFO: [USF-XSim-2] XSim::Compile design
INFO: [USF-XSim-61] Executing 'COMPILE and ANALYZE' step in 'F:/new/new.sim/sim_1/behav/xsim'
"xvlog --incr --relax -prj tb_riscv_top_vlog.prj"
INFO: [VRFC 10-2263] Analyzing Verilog file "F:/new/new.srcs/sources_1/new/alu.v" into library xil_defaultlib
INFO: [VRFC 10-311] analyzing module alu
INFO: [VRFC 10-311] analyzing module Shifter
INFO: [VRFC 10-311] analyzing module Adder
INFO: [VRFC 10-311] analyzing module cla_4
INFO: [VRFC 10-311] analyzing module cla_adder32
INFO: [VRFC 10-2263] Analyzing Verilog file "F:/new/new.srcs/sources_1/new/branch_judge.v" into library xil_defaultlib
INFO: [VRFC 10-311] analyzing module branch_judge
INFO: [VRFC 10-2263] Analyzing Verilog file "F:/new/new.srcs/sources_1/new/control.v" into library xil_defaultlib
INFO: [VRFC 10-311] analyzing module control
INFO: [VRFC 10-311] analyzing module main_control
INFO: [VRFC 10-311] analyzing module alu_control
INFO: [VRFC 10-2263] Analyzing Verilog file "F:/new/new.srcs/sources_1/new/data_memory.v" into library xil_defaultlib
INFO: [VRFC 10-311] analyzing module data_memory
INFO: [VRFC 10-2263] Analyzing Verilog file "F:/new/new.srcs/sources_1/new/datapath.v" into library xil_defaultlib
INFO: [VRFC 10-311] analyzing module datapath
INFO: [VRFC 10-2263] Analyzing Verilog file "F:/new/new.srcs/sources_1/new/ex_mem_regs.v" into library xil_defaultlib
INFO: [VRFC 10-311] analyzing module ex_mem_regs
INFO: [VRFC 10-2263] Analyzing Verilog file "F:/new/new.srcs/sources_1/new/ex_stage.v" into library xil_defaultlib
INFO: [VRFC 10-311] analyzing module ex_stage
INFO: [VRFC 10-2263] Analyzing Verilog file "F:/new/new.srcs/sources_1/new/id_ex_regs.v" into library xil_defaultlib
INFO: [VRFC 10-311] analyzing module id_ex_regs
INFO: [VRFC 10-2263] Analyzing Verilog file "F:/new/new.srcs/sources_1/new/id_stage.v" into library xil_defaultlib
INFO: [VRFC 10-311] analyzing module id_stage
INFO: [VRFC 10-2263] Analyzing Verilog file "F:/new/new.srcs/sources_1/new/if_id_regs.v" into library xil_defaultlib
INFO: [VRFC 10-311] analyzing module if_id_regs
INFO: [VRFC 10-2263] Analyzing Verilog file "F:/new/new.srcs/sources_1/new/if_stage.v" into library xil_defaultlib
INFO: [VRFC 10-311] analyzing module if_stage
INFO: [VRFC 10-2263] Analyzing Verilog file "F:/new/new.srcs/sources_1/new/instr_decode.v" into library xil_defaultlib
INFO: [VRFC 10-311] analyzing module instr_decode
INFO: [VRFC 10-2263] Analyzing Verilog file "F:/new/new.srcs/sources_1/new/instr_memory.v" into library xil_defaultlib
INFO: [VRFC 10-311] analyzing module instr_memory
INFO: [VRFC 10-2263] Analyzing Verilog file "F:/new/new.srcs/sources_1/new/mem_wb_regs.v" into library xil_defaultlib
INFO: [VRFC 10-311] analyzing module mem_wb_regs
INFO: [VRFC 10-2263] Analyzing Verilog file "F:/new/new.srcs/sources_1/new/mux.v" into library xil_defaultlib
INFO: [VRFC 10-311] analyzing module mux
INFO: [VRFC 10-2263] Analyzing Verilog file "F:/new/new.srcs/sources_1/new/pc_reg.v" into library xil_defaultlib
INFO: [VRFC 10-311] analyzing module pc_reg
INFO: [VRFC 10-2263] Analyzing Verilog file "F:/new/new.srcs/sources_1/new/registers.v" into library xil_defaultlib
INFO: [VRFC 10-311] analyzing module registers
INFO: [VRFC 10-2263] Analyzing Verilog file "F:/new/new.srcs/sources_1/new/riscv.v" into library xil_defaultlib
INFO: [VRFC 10-311] analyzing module riscv
INFO: [VRFC 10-2263] Analyzing Verilog file "F:/new/new.srcs/sources_1/new/riscv_top.v" into library xil_defaultlib
INFO: [VRFC 10-311] analyzing module riscv_top
INFO: [VRFC 10-2263] Analyzing Verilog file "F:/new/new.srcs/sources_1/new/wb_stage.v" into library xil_defaultlib
INFO: [VRFC 10-311] analyzing module wb_stage
INFO: [VRFC 10-2263] Analyzing Verilog file "F:/new/new.srcs/sim_1/new/tb_riscv_top.v" into library xil_defaultlib
INFO: [VRFC 10-311] analyzing module tb_riscv_top
INFO: [USF-XSim-69] 'compile' step finished in '2' seconds
INFO: [USF-XSim-3] XSim::Elaborate design
INFO: [USF-XSim-61] Executing 'ELABORATE' step in 'F:/new/new.sim/sim_1/behav/xsim'
"xelab -wto c5a45b68a1bf4115948ade475b14fa4c --incr --debug typical --relax --mt 2 -L xil_defaultlib -L unisims_ver -L unimacro_ver -L secureip --snapshot tb_riscv_top_behav xil_defaultlib.tb_riscv_top xil_defaultlib.glbl -log elaborate.log"
Vivado Simulator 2019.2
Copyright 1986-1999, 2001-2019 Xilinx, Inc. All Rights Reserved.
Running: F:/vivado/Vivado/2019.2/bin/unwrapped/win64.o/xelab.exe -wto c5a45b68a1bf4115948ade475b14fa4c --incr --debug typical --relax --mt 2 -L xil_defaultlib -L unisims_ver -L unimacro_ver -L secureip --snapshot tb_riscv_top_behav xil_defaultlib.tb_riscv_top xil_defaultlib.glbl -log elaborate.log 
Using 2 slave threads.
Starting static elaboration
Pass Through NonSizing Optimizer
WARNING: [VRFC 10-3091] actual bit length 1 differs from formal bit length 32 for port 'data1' [F:/new/new.srcs/sources_1/new/ex_stage.v:110]
Completed static elaboration
Starting simulation data flow analysis
Completed simulation data flow analysis
Time Resolution for simulation is 1ps
Compiling module xil_defaultlib.instr_memory
Compiling module xil_defaultlib.main_control
Compiling module xil_defaultlib.alu_control
Compiling module xil_defaultlib.control
Compiling module xil_defaultlib.pc_reg
Compiling module xil_defaultlib.if_stage
Compiling module xil_defaultlib.if_id_regs
Compiling module xil_defaultlib.instr_decode
Compiling module xil_defaultlib.registers
Compiling module xil_defaultlib.id_stage
Compiling module xil_defaultlib.id_ex_regs
Compiling module xil_defaultlib.Shifter
Compiling module xil_defaultlib.cla_4
Compiling module xil_defaultlib.cla_adder32
Compiling module xil_defaultlib.Adder
Compiling module xil_defaultlib.alu
Compiling module xil_defaultlib.branch_judge
Compiling module xil_defaultlib.mux
Compiling module xil_defaultlib.ex_stage
Compiling module xil_defaultlib.ex_mem_regs
Compiling module xil_defaultlib.mem_wb_regs
Compiling module xil_defaultlib.wb_stage
Compiling module xil_defaultlib.datapath
Compiling module xil_defaultlib.riscv
Compiling module xil_defaultlib.data_memory
Compiling module xil_defaultlib.riscv_top
Compiling module xil_defaultlib.tb_riscv_top
Compiling module xil_defaultlib.glbl
Built simulation snapshot tb_riscv_top_behav
INFO: [USF-XSim-69] 'elaborate' step finished in '2' seconds
INFO: [USF-XSim-4] XSim::Simulate design
INFO: [USF-XSim-61] Executing 'SIMULATE' step in 'F:/new/new.sim/sim_1/behav/xsim'
INFO: [USF-XSim-98] *** Running xsim
   with args "tb_riscv_top_behav -key {Behavioral:sim_1:Functional:tb_riscv_top} -tclbatch {tb_riscv_top.tcl} -view {F:/new/tb_riscv_top_behav.wcfg} -log {simulate.log}"
INFO: [USF-XSim-8] Loading simulator feature
Vivado Simulator 2019.2
Time resolution is 1 ps
open_wave_config F:/new/tb_riscv_top_behav.wcfg
source tb_riscv_top.tcl
# set curr_wave [current_wave_config]
# if { [string length $curr_wave] == 0 } {
#   if { [llength [get_objects]] > 0} {
#     add_wave /
#     set_property needs_save false [current_wave_config]
#   } else {
#      send_msg_id Add_Wave-1 WARNING "No top level signals found. Simulator will start without a wave window. If you want to open a wave window go to 'File->New Waveform Configuration' or type 'create_wave_config' in the TCL console."
#   }
# }
# run 1000ns
INFO: [USF-XSim-96] XSim completed. Design snapshot 'tb_riscv_top_behav' loaded.
INFO: [USF-XSim-97] XSim simulation ran for 1000ns
launch_simulation: Time (s): cpu = 00:00:07 ; elapsed = 00:00:09 . Memory (MB): peak = 833.625 ; gain = 29.836
close_sim
INFO: [Simtcl 6-16] Simulation closed
launch_simulation
Command: launch_simulation 
INFO: [Vivado 12-5682] Launching behavioral simulation in 'F:/new/new.sim/sim_1/behav/xsim'
INFO: [SIM-utils-51] Simulation object is 'sim_1'
INFO: [SIM-utils-54] Inspecting design source files for 'tb_riscv_top' in fileset 'sim_1'...
INFO: [USF-XSim-97] Finding global include files...
INFO: [USF-XSim-98] Fetching design files from 'sim_1'...
INFO: [USF-XSim-2] XSim::Compile design
INFO: [USF-XSim-61] Executing 'COMPILE and ANALYZE' step in 'F:/new/new.sim/sim_1/behav/xsim'
"xvlog --incr --relax -prj tb_riscv_top_vlog.prj"
INFO: [VRFC 10-2263] Analyzing Verilog file "F:/new/new.srcs/sources_1/new/alu.v" into library xil_defaultlib
INFO: [VRFC 10-311] analyzing module alu
INFO: [VRFC 10-311] analyzing module Shifter
INFO: [VRFC 10-311] analyzing module Adder
INFO: [VRFC 10-311] analyzing module cla_4
INFO: [VRFC 10-311] analyzing module cla_adder32
INFO: [VRFC 10-2263] Analyzing Verilog file "F:/new/new.srcs/sources_1/new/branch_judge.v" into library xil_defaultlib
INFO: [VRFC 10-311] analyzing module branch_judge
INFO: [VRFC 10-2263] Analyzing Verilog file "F:/new/new.srcs/sources_1/new/control.v" into library xil_defaultlib
INFO: [VRFC 10-311] analyzing module control
INFO: [VRFC 10-311] analyzing module main_control
INFO: [VRFC 10-311] analyzing module alu_control
INFO: [VRFC 10-2263] Analyzing Verilog file "F:/new/new.srcs/sources_1/new/data_memory.v" into library xil_defaultlib
INFO: [VRFC 10-311] analyzing module data_memory
INFO: [VRFC 10-2263] Analyzing Verilog file "F:/new/new.srcs/sources_1/new/datapath.v" into library xil_defaultlib
INFO: [VRFC 10-311] analyzing module datapath
INFO: [VRFC 10-2263] Analyzing Verilog file "F:/new/new.srcs/sources_1/new/ex_mem_regs.v" into library xil_defaultlib
INFO: [VRFC 10-311] analyzing module ex_mem_regs
INFO: [VRFC 10-2263] Analyzing Verilog file "F:/new/new.srcs/sources_1/new/ex_stage.v" into library xil_defaultlib
INFO: [VRFC 10-311] analyzing module ex_stage
INFO: [VRFC 10-2263] Analyzing Verilog file "F:/new/new.srcs/sources_1/new/id_ex_regs.v" into library xil_defaultlib
INFO: [VRFC 10-311] analyzing module id_ex_regs
INFO: [VRFC 10-2263] Analyzing Verilog file "F:/new/new.srcs/sources_1/new/id_stage.v" into library xil_defaultlib
INFO: [VRFC 10-311] analyzing module id_stage
INFO: [VRFC 10-2263] Analyzing Verilog file "F:/new/new.srcs/sources_1/new/if_id_regs.v" into library xil_defaultlib
INFO: [VRFC 10-311] analyzing module if_id_regs
INFO: [VRFC 10-2263] Analyzing Verilog file "F:/new/new.srcs/sources_1/new/if_stage.v" into library xil_defaultlib
INFO: [VRFC 10-311] analyzing module if_stage
INFO: [VRFC 10-2263] Analyzing Verilog file "F:/new/new.srcs/sources_1/new/instr_decode.v" into library xil_defaultlib
INFO: [VRFC 10-311] analyzing module instr_decode
INFO: [VRFC 10-2263] Analyzing Verilog file "F:/new/new.srcs/sources_1/new/instr_memory.v" into library xil_defaultlib
INFO: [VRFC 10-311] analyzing module instr_memory
INFO: [VRFC 10-2263] Analyzing Verilog file "F:/new/new.srcs/sources_1/new/mem_wb_regs.v" into library xil_defaultlib
INFO: [VRFC 10-311] analyzing module mem_wb_regs
INFO: [VRFC 10-2263] Analyzing Verilog file "F:/new/new.srcs/sources_1/new/mux.v" into library xil_defaultlib
INFO: [VRFC 10-311] analyzing module mux
INFO: [VRFC 10-2263] Analyzing Verilog file "F:/new/new.srcs/sources_1/new/pc_reg.v" into library xil_defaultlib
INFO: [VRFC 10-311] analyzing module pc_reg
INFO: [VRFC 10-2263] Analyzing Verilog file "F:/new/new.srcs/sources_1/new/registers.v" into library xil_defaultlib
INFO: [VRFC 10-311] analyzing module registers
INFO: [VRFC 10-2263] Analyzing Verilog file "F:/new/new.srcs/sources_1/new/riscv.v" into library xil_defaultlib
INFO: [VRFC 10-311] analyzing module riscv
INFO: [VRFC 10-2263] Analyzing Verilog file "F:/new/new.srcs/sources_1/new/riscv_top.v" into library xil_defaultlib
INFO: [VRFC 10-311] analyzing module riscv_top
INFO: [VRFC 10-2263] Analyzing Verilog file "F:/new/new.srcs/sources_1/new/wb_stage.v" into library xil_defaultlib
INFO: [VRFC 10-311] analyzing module wb_stage
INFO: [VRFC 10-2263] Analyzing Verilog file "F:/new/new.srcs/sim_1/new/tb_riscv_top.v" into library xil_defaultlib
INFO: [VRFC 10-311] analyzing module tb_riscv_top
INFO: [USF-XSim-69] 'compile' step finished in '1' seconds
INFO: [USF-XSim-3] XSim::Elaborate design
INFO: [USF-XSim-61] Executing 'ELABORATE' step in 'F:/new/new.sim/sim_1/behav/xsim'
"xelab -wto c5a45b68a1bf4115948ade475b14fa4c --incr --debug typical --relax --mt 2 -L xil_defaultlib -L unisims_ver -L unimacro_ver -L secureip --snapshot tb_riscv_top_behav xil_defaultlib.tb_riscv_top xil_defaultlib.glbl -log elaborate.log"
Vivado Simulator 2019.2
Copyright 1986-1999, 2001-2019 Xilinx, Inc. All Rights Reserved.
Running: F:/vivado/Vivado/2019.2/bin/unwrapped/win64.o/xelab.exe -wto c5a45b68a1bf4115948ade475b14fa4c --incr --debug typical --relax --mt 2 -L xil_defaultlib -L unisims_ver -L unimacro_ver -L secureip --snapshot tb_riscv_top_behav xil_defaultlib.tb_riscv_top xil_defaultlib.glbl -log elaborate.log 
Using 2 slave threads.
Starting static elaboration
Pass Through NonSizing Optimizer
WARNING: [VRFC 10-3091] actual bit length 1 differs from formal bit length 32 for port 'data1' [F:/new/new.srcs/sources_1/new/ex_stage.v:111]
Completed static elaboration
Starting simulation data flow analysis
Completed simulation data flow analysis
Time Resolution for simulation is 1ps
Compiling module xil_defaultlib.instr_memory
Compiling module xil_defaultlib.main_control
Compiling module xil_defaultlib.alu_control
Compiling module xil_defaultlib.control
Compiling module xil_defaultlib.pc_reg
Compiling module xil_defaultlib.if_stage
Compiling module xil_defaultlib.if_id_regs
Compiling module xil_defaultlib.instr_decode
Compiling module xil_defaultlib.registers
Compiling module xil_defaultlib.id_stage
Compiling module xil_defaultlib.id_ex_regs
Compiling module xil_defaultlib.Shifter
Compiling module xil_defaultlib.cla_4
Compiling module xil_defaultlib.cla_adder32
Compiling module xil_defaultlib.Adder
Compiling module xil_defaultlib.alu
Compiling module xil_defaultlib.branch_judge
Compiling module xil_defaultlib.mux
Compiling module xil_defaultlib.ex_stage
Compiling module xil_defaultlib.ex_mem_regs
Compiling module xil_defaultlib.mem_wb_regs
Compiling module xil_defaultlib.wb_stage
Compiling module xil_defaultlib.datapath
Compiling module xil_defaultlib.riscv
Compiling module xil_defaultlib.data_memory
Compiling module xil_defaultlib.riscv_top
Compiling module xil_defaultlib.tb_riscv_top
Compiling module xil_defaultlib.glbl
Built simulation snapshot tb_riscv_top_behav
INFO: [USF-XSim-69] 'elaborate' step finished in '2' seconds
INFO: [USF-XSim-4] XSim::Simulate design
INFO: [USF-XSim-61] Executing 'SIMULATE' step in 'F:/new/new.sim/sim_1/behav/xsim'
INFO: [USF-XSim-98] *** Running xsim
   with args "tb_riscv_top_behav -key {Behavioral:sim_1:Functional:tb_riscv_top} -tclbatch {tb_riscv_top.tcl} -view {F:/new/tb_riscv_top_behav.wcfg} -log {simulate.log}"
INFO: [USF-XSim-8] Loading simulator feature
Vivado Simulator 2019.2
Time resolution is 1 ps
open_wave_config F:/new/tb_riscv_top_behav.wcfg
source tb_riscv_top.tcl
# set curr_wave [current_wave_config]
# if { [string length $curr_wave] == 0 } {
#   if { [llength [get_objects]] > 0} {
#     add_wave /
#     set_property needs_save false [current_wave_config]
#   } else {
#      send_msg_id Add_Wave-1 WARNING "No top level signals found. Simulator will start without a wave window. If you want to open a wave window go to 'File->New Waveform Configuration' or type 'create_wave_config' in the TCL console."
#   }
# }
# run 1000ns
INFO: [USF-XSim-96] XSim completed. Design snapshot 'tb_riscv_top_behav' loaded.
INFO: [USF-XSim-97] XSim simulation ran for 1000ns
launch_simulation: Time (s): cpu = 00:00:05 ; elapsed = 00:00:09 . Memory (MB): peak = 869.797 ; gain = 0.000
close_sim
INFO: [Simtcl 6-16] Simulation closed
exit
INFO: [Common 17-206] Exiting Vivado at Fri Aug 25 13:54:31 2023...
