#-----------------------------------------------------------
# Vivado v2019.2 (64-bit)
# SW Build 2708876 on Wed Nov  6 21:40:23 MST 2019
# IP Build 2700528 on Thu Nov  7 00:09:20 MST 2019
# Start of session at: Thu Aug 24 18:38:28 2023
# Process ID: 13240
# Current directory: F:/new
# Command line: vivado.exe -gui_launcher_event rodinguilauncherevent2692 F:\new\new.xpr
# Log file: F:/new/vivado.log
# Journal file: F:/new\vivado.jou
#-----------------------------------------------------------
start_gui
open_project F:/new/new.xpr
Scanning sources...
Finished scanning sources
INFO: [IP_Flow 19-234] Refreshing IP repositories
INFO: [IP_Flow 19-1704] No user IP repositories specified
INFO: [IP_Flow 19-2313] Loaded Vivado IP repository 'F:/vivado/Vivado/2019.2/data/ip'.
update_compile_order -fileset sources_1
exit
INFO: [Common 17-206] Exiting Vivado at Thu Aug 24 18:38:45 2023...
