
*** Running vivado
    with args -log riscv_top.vds -m64 -product Vivado -mode batch -messageDb vivado.pb -notrace -source riscv_top.tcl


****** Vivado v2019.2 (64-bit)
  **** SW Build 2708876 on Wed Nov  6 21:40:23 MST 2019
  **** IP Build 2700528 on Thu Nov  7 00:09:20 MST 2019
    ** Copyright 1986-2019 Xilinx, Inc. All Rights Reserved.

source riscv_top.tcl -notrace
Command: synth_design -top riscv_top -part xc7k70tfbv676-1
Starting synth_design
Attempting to get a license for feature 'Synthesis' and/or device 'xc7k70t'
INFO: [Common 17-349] Got license for feature 'Synthesis' and/or device 'xc7k70t'
INFO: Launching helper process for spawning children vivado processes
INFO: Helper process launched with PID 16568 
---------------------------------------------------------------------------------
Starting Synthesize : Time (s): cpu = 00:00:03 ; elapsed = 00:00:04 . Memory (MB): peak = 573.496 ; gain = 242.734
---------------------------------------------------------------------------------
INFO: [Synth 8-6157] synthesizing module 'riscv_top' [D:/vivadoProject/new/new.srcs/sources_1/new/riscv_top.v:24]
INFO: [Synth 8-6157] synthesizing module 'instr_memory' [D:/vivadoProject/new/new.srcs/sources_1/new/instr_memory.v:22]
CRITICAL WARNING: [Synth 8-4445] could not open $readmem data file 'F:/new/new.srcs/sources_1/new/rom_binary_file.txt'; please make sure the file is added to project and has read permission, ignoring [D:/vivadoProject/new/new.srcs/sources_1/new/instr_memory.v:33]

Warning: Trying to implement RAM in registers. Block RAM or DRAM implementation is not possible for one or more of the following reasons :
	1: Unable to determine number of words or word size in RAM. 
	2: No valid read/write found for RAM. 
RAM dissolved into registers
WARNING: [Synth 8-3848] Net rom in module/entity instr_memory does not have driver. [D:/vivadoProject/new/new.srcs/sources_1/new/instr_memory.v:29]
WARNING: [Synth 8-3848] Net rom in module/entity instr_memory does not have driver. [D:/vivadoProject/new/new.srcs/sources_1/new/instr_memory.v:29]
WARNING: [Synth 8-3848] Net rom in module/entity instr_memory does not have driver. [D:/vivadoProject/new/new.srcs/sources_1/new/instr_memory.v:29]
WARNING: [Synth 8-3848] Net rom in module/entity instr_memory does not have driver. [D:/vivadoProject/new/new.srcs/sources_1/new/instr_memory.v:29]
WARNING: [Synth 8-3848] Net rom in module/entity instr_memory does not have driver. [D:/vivadoProject/new/new.srcs/sources_1/new/instr_memory.v:29]
WARNING: [Synth 8-3848] Net rom in module/entity instr_memory does not have driver. [D:/vivadoProject/new/new.srcs/sources_1/new/instr_memory.v:29]
WARNING: [Synth 8-3848] Net rom in module/entity instr_memory does not have driver. [D:/vivadoProject/new/new.srcs/sources_1/new/instr_memory.v:29]
WARNING: [Synth 8-3848] Net rom in module/entity instr_memory does not have driver. [D:/vivadoProject/new/new.srcs/sources_1/new/instr_memory.v:29]
WARNING: [Synth 8-3848] Net rom in module/entity instr_memory does not have driver. [D:/vivadoProject/new/new.srcs/sources_1/new/instr_memory.v:29]
WARNING: [Synth 8-3848] Net rom in module/entity instr_memory does not have driver. [D:/vivadoProject/new/new.srcs/sources_1/new/instr_memory.v:29]
WARNING: [Synth 8-3848] Net rom in module/entity instr_memory does not have driver. [D:/vivadoProject/new/new.srcs/sources_1/new/instr_memory.v:29]
WARNING: [Synth 8-3848] Net rom in module/entity instr_memory does not have driver. [D:/vivadoProject/new/new.srcs/sources_1/new/instr_memory.v:29]
WARNING: [Synth 8-3848] Net rom in module/entity instr_memory does not have driver. [D:/vivadoProject/new/new.srcs/sources_1/new/instr_memory.v:29]
WARNING: [Synth 8-3848] Net rom in module/entity instr_memory does not have driver. [D:/vivadoProject/new/new.srcs/sources_1/new/instr_memory.v:29]
WARNING: [Synth 8-3848] Net rom in module/entity instr_memory does not have driver. [D:/vivadoProject/new/new.srcs/sources_1/new/instr_memory.v:29]
WARNING: [Synth 8-3848] Net rom in module/entity instr_memory does not have driver. [D:/vivadoProject/new/new.srcs/sources_1/new/instr_memory.v:29]
WARNING: [Synth 8-3848] Net rom in module/entity instr_memory does not have driver. [D:/vivadoProject/new/new.srcs/sources_1/new/instr_memory.v:29]
WARNING: [Synth 8-3848] Net rom in module/entity instr_memory does not have driver. [D:/vivadoProject/new/new.srcs/sources_1/new/instr_memory.v:29]
WARNING: [Synth 8-3848] Net rom in module/entity instr_memory does not have driver. [D:/vivadoProject/new/new.srcs/sources_1/new/instr_memory.v:29]
WARNING: [Synth 8-3848] Net rom in module/entity instr_memory does not have driver. [D:/vivadoProject/new/new.srcs/sources_1/new/instr_memory.v:29]
WARNING: [Synth 8-3848] Net rom in module/entity instr_memory does not have driver. [D:/vivadoProject/new/new.srcs/sources_1/new/instr_memory.v:29]
WARNING: [Synth 8-3848] Net rom in module/entity instr_memory does not have driver. [D:/vivadoProject/new/new.srcs/sources_1/new/instr_memory.v:29]
WARNING: [Synth 8-3848] Net rom in module/entity instr_memory does not have driver. [D:/vivadoProject/new/new.srcs/sources_1/new/instr_memory.v:29]
WARNING: [Synth 8-3848] Net rom in module/entity instr_memory does not have driver. [D:/vivadoProject/new/new.srcs/sources_1/new/instr_memory.v:29]
WARNING: [Synth 8-3848] Net rom in module/entity instr_memory does not have driver. [D:/vivadoProject/new/new.srcs/sources_1/new/instr_memory.v:29]
WARNING: [Synth 8-3848] Net rom in module/entity instr_memory does not have driver. [D:/vivadoProject/new/new.srcs/sources_1/new/instr_memory.v:29]
WARNING: [Synth 8-3848] Net rom in module/entity instr_memory does not have driver. [D:/vivadoProject/new/new.srcs/sources_1/new/instr_memory.v:29]
WARNING: [Synth 8-3848] Net rom in module/entity instr_memory does not have driver. [D:/vivadoProject/new/new.srcs/sources_1/new/instr_memory.v:29]
WARNING: [Synth 8-3848] Net rom in module/entity instr_memory does not have driver. [D:/vivadoProject/new/new.srcs/sources_1/new/instr_memory.v:29]
WARNING: [Synth 8-3848] Net rom in module/entity instr_memory does not have driver. [D:/vivadoProject/new/new.srcs/sources_1/new/instr_memory.v:29]
WARNING: [Synth 8-3848] Net rom in module/entity instr_memory does not have driver. [D:/vivadoProject/new/new.srcs/sources_1/new/instr_memory.v:29]
WARNING: [Synth 8-3848] Net rom in module/entity instr_memory does not have driver. [D:/vivadoProject/new/new.srcs/sources_1/new/instr_memory.v:29]
WARNING: [Synth 8-3848] Net rom in module/entity instr_memory does not have driver. [D:/vivadoProject/new/new.srcs/sources_1/new/instr_memory.v:29]
WARNING: [Synth 8-3848] Net rom in module/entity instr_memory does not have driver. [D:/vivadoProject/new/new.srcs/sources_1/new/instr_memory.v:29]
WARNING: [Synth 8-3848] Net rom in module/entity instr_memory does not have driver. [D:/vivadoProject/new/new.srcs/sources_1/new/instr_memory.v:29]
WARNING: [Synth 8-3848] Net rom in module/entity instr_memory does not have driver. [D:/vivadoProject/new/new.srcs/sources_1/new/instr_memory.v:29]
WARNING: [Synth 8-3848] Net rom in module/entity instr_memory does not have driver. [D:/vivadoProject/new/new.srcs/sources_1/new/instr_memory.v:29]
WARNING: [Synth 8-3848] Net rom in module/entity instr_memory does not have driver. [D:/vivadoProject/new/new.srcs/sources_1/new/instr_memory.v:29]
WARNING: [Synth 8-3848] Net rom in module/entity instr_memory does not have driver. [D:/vivadoProject/new/new.srcs/sources_1/new/instr_memory.v:29]
WARNING: [Synth 8-3848] Net rom in module/entity instr_memory does not have driver. [D:/vivadoProject/new/new.srcs/sources_1/new/instr_memory.v:29]
WARNING: [Synth 8-3848] Net rom in module/entity instr_memory does not have driver. [D:/vivadoProject/new/new.srcs/sources_1/new/instr_memory.v:29]
WARNING: [Synth 8-3848] Net rom in module/entity instr_memory does not have driver. [D:/vivadoProject/new/new.srcs/sources_1/new/instr_memory.v:29]
WARNING: [Synth 8-3848] Net rom in module/entity instr_memory does not have driver. [D:/vivadoProject/new/new.srcs/sources_1/new/instr_memory.v:29]
WARNING: [Synth 8-3848] Net rom in module/entity instr_memory does not have driver. [D:/vivadoProject/new/new.srcs/sources_1/new/instr_memory.v:29]
WARNING: [Synth 8-3848] Net rom in module/entity instr_memory does not have driver. [D:/vivadoProject/new/new.srcs/sources_1/new/instr_memory.v:29]
WARNING: [Synth 8-3848] Net rom in module/entity instr_memory does not have driver. [D:/vivadoProject/new/new.srcs/sources_1/new/instr_memory.v:29]
WARNING: [Synth 8-3848] Net rom in module/entity instr_memory does not have driver. [D:/vivadoProject/new/new.srcs/sources_1/new/instr_memory.v:29]
WARNING: [Synth 8-3848] Net rom in module/entity instr_memory does not have driver. [D:/vivadoProject/new/new.srcs/sources_1/new/instr_memory.v:29]
WARNING: [Synth 8-3848] Net rom in module/entity instr_memory does not have driver. [D:/vivadoProject/new/new.srcs/sources_1/new/instr_memory.v:29]
WARNING: [Synth 8-3848] Net rom in module/entity instr_memory does not have driver. [D:/vivadoProject/new/new.srcs/sources_1/new/instr_memory.v:29]
WARNING: [Synth 8-3848] Net rom in module/entity instr_memory does not have driver. [D:/vivadoProject/new/new.srcs/sources_1/new/instr_memory.v:29]
WARNING: [Synth 8-3848] Net rom in module/entity instr_memory does not have driver. [D:/vivadoProject/new/new.srcs/sources_1/new/instr_memory.v:29]
WARNING: [Synth 8-3848] Net rom in module/entity instr_memory does not have driver. [D:/vivadoProject/new/new.srcs/sources_1/new/instr_memory.v:29]
WARNING: [Synth 8-3848] Net rom in module/entity instr_memory does not have driver. [D:/vivadoProject/new/new.srcs/sources_1/new/instr_memory.v:29]
WARNING: [Synth 8-3848] Net rom in module/entity instr_memory does not have driver. [D:/vivadoProject/new/new.srcs/sources_1/new/instr_memory.v:29]
WARNING: [Synth 8-3848] Net rom in module/entity instr_memory does not have driver. [D:/vivadoProject/new/new.srcs/sources_1/new/instr_memory.v:29]
WARNING: [Synth 8-3848] Net rom in module/entity instr_memory does not have driver. [D:/vivadoProject/new/new.srcs/sources_1/new/instr_memory.v:29]
WARNING: [Synth 8-3848] Net rom in module/entity instr_memory does not have driver. [D:/vivadoProject/new/new.srcs/sources_1/new/instr_memory.v:29]
WARNING: [Synth 8-3848] Net rom in module/entity instr_memory does not have driver. [D:/vivadoProject/new/new.srcs/sources_1/new/instr_memory.v:29]
WARNING: [Synth 8-3848] Net rom in module/entity instr_memory does not have driver. [D:/vivadoProject/new/new.srcs/sources_1/new/instr_memory.v:29]
WARNING: [Synth 8-3848] Net rom in module/entity instr_memory does not have driver. [D:/vivadoProject/new/new.srcs/sources_1/new/instr_memory.v:29]
WARNING: [Synth 8-3848] Net rom in module/entity instr_memory does not have driver. [D:/vivadoProject/new/new.srcs/sources_1/new/instr_memory.v:29]
WARNING: [Synth 8-3848] Net rom in module/entity instr_memory does not have driver. [D:/vivadoProject/new/new.srcs/sources_1/new/instr_memory.v:29]
WARNING: [Synth 8-3848] Net rom in module/entity instr_memory does not have driver. [D:/vivadoProject/new/new.srcs/sources_1/new/instr_memory.v:29]
WARNING: [Synth 8-3848] Net rom in module/entity instr_memory does not have driver. [D:/vivadoProject/new/new.srcs/sources_1/new/instr_memory.v:29]
WARNING: [Synth 8-3848] Net rom in module/entity instr_memory does not have driver. [D:/vivadoProject/new/new.srcs/sources_1/new/instr_memory.v:29]
WARNING: [Synth 8-3848] Net rom in module/entity instr_memory does not have driver. [D:/vivadoProject/new/new.srcs/sources_1/new/instr_memory.v:29]
WARNING: [Synth 8-3848] Net rom in module/entity instr_memory does not have driver. [D:/vivadoProject/new/new.srcs/sources_1/new/instr_memory.v:29]
WARNING: [Synth 8-3848] Net rom in module/entity instr_memory does not have driver. [D:/vivadoProject/new/new.srcs/sources_1/new/instr_memory.v:29]
WARNING: [Synth 8-3848] Net rom in module/entity instr_memory does not have driver. [D:/vivadoProject/new/new.srcs/sources_1/new/instr_memory.v:29]
WARNING: [Synth 8-3848] Net rom in module/entity instr_memory does not have driver. [D:/vivadoProject/new/new.srcs/sources_1/new/instr_memory.v:29]
WARNING: [Synth 8-3848] Net rom in module/entity instr_memory does not have driver. [D:/vivadoProject/new/new.srcs/sources_1/new/instr_memory.v:29]
WARNING: [Synth 8-3848] Net rom in module/entity instr_memory does not have driver. [D:/vivadoProject/new/new.srcs/sources_1/new/instr_memory.v:29]
WARNING: [Synth 8-3848] Net rom in module/entity instr_memory does not have driver. [D:/vivadoProject/new/new.srcs/sources_1/new/instr_memory.v:29]
WARNING: [Synth 8-3848] Net rom in module/entity instr_memory does not have driver. [D:/vivadoProject/new/new.srcs/sources_1/new/instr_memory.v:29]
WARNING: [Synth 8-3848] Net rom in module/entity instr_memory does not have driver. [D:/vivadoProject/new/new.srcs/sources_1/new/instr_memory.v:29]
WARNING: [Synth 8-3848] Net rom in module/entity instr_memory does not have driver. [D:/vivadoProject/new/new.srcs/sources_1/new/instr_memory.v:29]
WARNING: [Synth 8-3848] Net rom in module/entity instr_memory does not have driver. [D:/vivadoProject/new/new.srcs/sources_1/new/instr_memory.v:29]
WARNING: [Synth 8-3848] Net rom in module/entity instr_memory does not have driver. [D:/vivadoProject/new/new.srcs/sources_1/new/instr_memory.v:29]
WARNING: [Synth 8-3848] Net rom in module/entity instr_memory does not have driver. [D:/vivadoProject/new/new.srcs/sources_1/new/instr_memory.v:29]
WARNING: [Synth 8-3848] Net rom in module/entity instr_memory does not have driver. [D:/vivadoProject/new/new.srcs/sources_1/new/instr_memory.v:29]
WARNING: [Synth 8-3848] Net rom in module/entity instr_memory does not have driver. [D:/vivadoProject/new/new.srcs/sources_1/new/instr_memory.v:29]
WARNING: [Synth 8-3848] Net rom in module/entity instr_memory does not have driver. [D:/vivadoProject/new/new.srcs/sources_1/new/instr_memory.v:29]
WARNING: [Synth 8-3848] Net rom in module/entity instr_memory does not have driver. [D:/vivadoProject/new/new.srcs/sources_1/new/instr_memory.v:29]
WARNING: [Synth 8-3848] Net rom in module/entity instr_memory does not have driver. [D:/vivadoProject/new/new.srcs/sources_1/new/instr_memory.v:29]
WARNING: [Synth 8-3848] Net rom in module/entity instr_memory does not have driver. [D:/vivadoProject/new/new.srcs/sources_1/new/instr_memory.v:29]
WARNING: [Synth 8-3848] Net rom in module/entity instr_memory does not have driver. [D:/vivadoProject/new/new.srcs/sources_1/new/instr_memory.v:29]
WARNING: [Synth 8-3848] Net rom in module/entity instr_memory does not have driver. [D:/vivadoProject/new/new.srcs/sources_1/new/instr_memory.v:29]
WARNING: [Synth 8-3848] Net rom in module/entity instr_memory does not have driver. [D:/vivadoProject/new/new.srcs/sources_1/new/instr_memory.v:29]
WARNING: [Synth 8-3848] Net rom in module/entity instr_memory does not have driver. [D:/vivadoProject/new/new.srcs/sources_1/new/instr_memory.v:29]
WARNING: [Synth 8-3848] Net rom in module/entity instr_memory does not have driver. [D:/vivadoProject/new/new.srcs/sources_1/new/instr_memory.v:29]
WARNING: [Synth 8-3848] Net rom in module/entity instr_memory does not have driver. [D:/vivadoProject/new/new.srcs/sources_1/new/instr_memory.v:29]
WARNING: [Synth 8-3848] Net rom in module/entity instr_memory does not have driver. [D:/vivadoProject/new/new.srcs/sources_1/new/instr_memory.v:29]
WARNING: [Synth 8-3848] Net rom in module/entity instr_memory does not have driver. [D:/vivadoProject/new/new.srcs/sources_1/new/instr_memory.v:29]
WARNING: [Synth 8-3848] Net rom in module/entity instr_memory does not have driver. [D:/vivadoProject/new/new.srcs/sources_1/new/instr_memory.v:29]
WARNING: [Synth 8-3848] Net rom in module/entity instr_memory does not have driver. [D:/vivadoProject/new/new.srcs/sources_1/new/instr_memory.v:29]
WARNING: [Synth 8-3848] Net rom in module/entity instr_memory does not have driver. [D:/vivadoProject/new/new.srcs/sources_1/new/instr_memory.v:29]
WARNING: [Synth 8-3848] Net rom in module/entity instr_memory does not have driver. [D:/vivadoProject/new/new.srcs/sources_1/new/instr_memory.v:29]
WARNING: [Synth 8-3848] Net rom in module/entity instr_memory does not have driver. [D:/vivadoProject/new/new.srcs/sources_1/new/instr_memory.v:29]
WARNING: [Synth 8-3848] Net rom in module/entity instr_memory does not have driver. [D:/vivadoProject/new/new.srcs/sources_1/new/instr_memory.v:29]
INFO: [Common 17-14] Message 'Synth 8-3848' appears 100 times and further instances of the messages will be disabled. Use the Tcl command set_msg_config to change the current settings.
INFO: [Synth 8-6155] done synthesizing module 'instr_memory' (1#1) [D:/vivadoProject/new/new.srcs/sources_1/new/instr_memory.v:22]
INFO: [Synth 8-6157] synthesizing module 'riscv' [D:/vivadoProject/new/new.srcs/sources_1/new/riscv.v:24]
INFO: [Synth 8-6157] synthesizing module 'control' [D:/vivadoProject/new/new.srcs/sources_1/new/control.v:22]
INFO: [Synth 8-6157] synthesizing module 'main_control' [D:/vivadoProject/new/new.srcs/sources_1/new/control.v:99]
INFO: [Synth 8-6155] done synthesizing module 'main_control' (2#1) [D:/vivadoProject/new/new.srcs/sources_1/new/control.v:99]
INFO: [Synth 8-6157] synthesizing module 'alu_control' [D:/vivadoProject/new/new.srcs/sources_1/new/control.v:186]
INFO: [Synth 8-226] default block is never used [D:/vivadoProject/new/new.srcs/sources_1/new/control.v:206]
INFO: [Synth 8-6155] done synthesizing module 'alu_control' (3#1) [D:/vivadoProject/new/new.srcs/sources_1/new/control.v:186]
INFO: [Synth 8-6155] done synthesizing module 'control' (4#1) [D:/vivadoProject/new/new.srcs/sources_1/new/control.v:22]
INFO: [Synth 8-6157] synthesizing module 'datapath' [D:/vivadoProject/new/new.srcs/sources_1/new/datapath.v:24]
INFO: [Synth 8-6157] synthesizing module 'pc_reg' [D:/vivadoProject/new/new.srcs/sources_1/new/pc_reg.v:23]
INFO: [Synth 8-6155] done synthesizing module 'pc_reg' (5#1) [D:/vivadoProject/new/new.srcs/sources_1/new/pc_reg.v:23]
INFO: [Synth 8-6157] synthesizing module 'instr_decode' [D:/vivadoProject/new/new.srcs/sources_1/new/instr_decode.v:23]
INFO: [Synth 8-6155] done synthesizing module 'instr_decode' (6#1) [D:/vivadoProject/new/new.srcs/sources_1/new/instr_decode.v:23]
INFO: [Synth 8-6157] synthesizing module 'registers' [D:/vivadoProject/new/new.srcs/sources_1/new/registers.v:25]
INFO: [Synth 8-6155] done synthesizing module 'registers' (7#1) [D:/vivadoProject/new/new.srcs/sources_1/new/registers.v:25]
INFO: [Synth 8-6157] synthesizing module 'alu' [D:/vivadoProject/new/new.srcs/sources_1/new/alu.v:21]
INFO: [Synth 8-6157] synthesizing module 'Shifter' [D:/vivadoProject/new/new.srcs/sources_1/new/alu.v:125]
INFO: [Synth 8-226] default block is never used [D:/vivadoProject/new/new.srcs/sources_1/new/alu.v:145]
INFO: [Synth 8-226] default block is never used [D:/vivadoProject/new/new.srcs/sources_1/new/alu.v:184]
INFO: [Synth 8-226] default block is never used [D:/vivadoProject/new/new.srcs/sources_1/new/alu.v:223]
INFO: [Synth 8-6155] done synthesizing module 'Shifter' (8#1) [D:/vivadoProject/new/new.srcs/sources_1/new/alu.v:125]
INFO: [Synth 8-6157] synthesizing module 'Adder' [D:/vivadoProject/new/new.srcs/sources_1/new/alu.v:278]
INFO: [Synth 8-6157] synthesizing module 'cla_adder32' [D:/vivadoProject/new/new.srcs/sources_1/new/alu.v:326]
INFO: [Synth 8-6157] synthesizing module 'cla_4' [D:/vivadoProject/new/new.srcs/sources_1/new/alu.v:308]
INFO: [Synth 8-6155] done synthesizing module 'cla_4' (9#1) [D:/vivadoProject/new/new.srcs/sources_1/new/alu.v:308]
INFO: [Synth 8-6155] done synthesizing module 'cla_adder32' (10#1) [D:/vivadoProject/new/new.srcs/sources_1/new/alu.v:326]
INFO: [Synth 8-6155] done synthesizing module 'Adder' (11#1) [D:/vivadoProject/new/new.srcs/sources_1/new/alu.v:278]
INFO: [Synth 8-6155] done synthesizing module 'alu' (12#1) [D:/vivadoProject/new/new.srcs/sources_1/new/alu.v:21]
INFO: [Synth 8-6157] synthesizing module 'branch_judge' [D:/vivadoProject/new/new.srcs/sources_1/new/branch_judge.v:23]
INFO: [Synth 8-6155] done synthesizing module 'branch_judge' (13#1) [D:/vivadoProject/new/new.srcs/sources_1/new/branch_judge.v:23]
INFO: [Synth 8-6157] synthesizing module 'mux' [D:/vivadoProject/new/new.srcs/sources_1/new/mux.v:24]
INFO: [Synth 8-6155] done synthesizing module 'mux' (14#1) [D:/vivadoProject/new/new.srcs/sources_1/new/mux.v:24]
INFO: [Synth 8-6155] done synthesizing module 'datapath' (15#1) [D:/vivadoProject/new/new.srcs/sources_1/new/datapath.v:24]
INFO: [Synth 8-6155] done synthesizing module 'riscv' (16#1) [D:/vivadoProject/new/new.srcs/sources_1/new/riscv.v:24]
INFO: [Synth 8-6157] synthesizing module 'data_memory' [D:/vivadoProject/new/new.srcs/sources_1/new/data_memory.v:23]
INFO: [Synth 8-6155] done synthesizing module 'data_memory' (17#1) [D:/vivadoProject/new/new.srcs/sources_1/new/data_memory.v:23]
INFO: [Synth 8-6155] done synthesizing module 'riscv_top' (18#1) [D:/vivadoProject/new/new.srcs/sources_1/new/riscv_top.v:24]
WARNING: [Synth 8-3331] design data_memory has unconnected port rst_n
WARNING: [Synth 8-3331] design data_memory has unconnected port R_en
WARNING: [Synth 8-3331] design data_memory has unconnected port addr[31]
WARNING: [Synth 8-3331] design data_memory has unconnected port addr[30]
WARNING: [Synth 8-3331] design data_memory has unconnected port addr[29]
WARNING: [Synth 8-3331] design data_memory has unconnected port addr[28]
WARNING: [Synth 8-3331] design data_memory has unconnected port addr[27]
WARNING: [Synth 8-3331] design data_memory has unconnected port addr[26]
WARNING: [Synth 8-3331] design data_memory has unconnected port addr[25]
WARNING: [Synth 8-3331] design data_memory has unconnected port addr[24]
WARNING: [Synth 8-3331] design data_memory has unconnected port addr[23]
WARNING: [Synth 8-3331] design data_memory has unconnected port addr[22]
WARNING: [Synth 8-3331] design data_memory has unconnected port addr[21]
WARNING: [Synth 8-3331] design data_memory has unconnected port addr[20]
WARNING: [Synth 8-3331] design data_memory has unconnected port addr[19]
WARNING: [Synth 8-3331] design data_memory has unconnected port addr[18]
WARNING: [Synth 8-3331] design data_memory has unconnected port addr[17]
WARNING: [Synth 8-3331] design data_memory has unconnected port addr[16]
WARNING: [Synth 8-3331] design data_memory has unconnected port addr[15]
WARNING: [Synth 8-3331] design data_memory has unconnected port addr[14]
WARNING: [Synth 8-3331] design data_memory has unconnected port addr[13]
WARNING: [Synth 8-3331] design data_memory has unconnected port addr[12]
WARNING: [Synth 8-3331] design data_memory has unconnected port addr[11]
WARNING: [Synth 8-3331] design data_memory has unconnected port addr[10]
---------------------------------------------------------------------------------
Finished Synthesize : Time (s): cpu = 00:00:04 ; elapsed = 00:00:05 . Memory (MB): peak = 646.980 ; gain = 316.219
---------------------------------------------------------------------------------
---------------------------------------------------------------------------------
Finished Constraint Validation : Time (s): cpu = 00:00:05 ; elapsed = 00:00:06 . Memory (MB): peak = 646.980 ; gain = 316.219
---------------------------------------------------------------------------------
---------------------------------------------------------------------------------
Start Loading Part and Timing Information
---------------------------------------------------------------------------------
Loading part: xc7k70tfbv676-1
INFO: [Device 21-403] Loading part xc7k70tfbv676-1
---------------------------------------------------------------------------------
Finished Loading Part and Timing Information : Time (s): cpu = 00:00:05 ; elapsed = 00:00:06 . Memory (MB): peak = 646.980 ; gain = 316.219
---------------------------------------------------------------------------------
---------------------------------------------------------------------------------
Finished RTL Optimization Phase 2 : Time (s): cpu = 00:00:06 ; elapsed = 00:00:07 . Memory (MB): peak = 646.980 ; gain = 316.219
---------------------------------------------------------------------------------

Report RTL Partitions: 
+-+--------------+------------+----------+
| |RTL Partition |Replication |Instances |
+-+--------------+------------+----------+
+-+--------------+------------+----------+
No constraint files found.
---------------------------------------------------------------------------------
Start RTL Component Statistics 
---------------------------------------------------------------------------------
Detailed RTL Component Info : 
+---XORs : 
	   3 Input     32 Bit         XORs := 3     
	   2 Input     32 Bit         XORs := 2     
	   2 Input      1 Bit         XORs := 4     
+---Registers : 
	               32 Bit    Registers := 33    
+---Muxes : 
	  33 Input     32 Bit        Muxes := 2     
	   4 Input     32 Bit        Muxes := 4     
	   2 Input     32 Bit        Muxes := 14    
	   2 Input     16 Bit        Muxes := 1     
	   4 Input      8 Bit        Muxes := 1     
	   9 Input      4 Bit        Muxes := 1     
	   5 Input      4 Bit        Muxes := 1     
	   2 Input      1 Bit        Muxes := 43    
---------------------------------------------------------------------------------
Finished RTL Component Statistics 
---------------------------------------------------------------------------------
---------------------------------------------------------------------------------
Start RTL Hierarchical Component Statistics 
---------------------------------------------------------------------------------
Hierarchical RTL Component report 
Module main_control 
Detailed RTL Component Info : 
+---Muxes : 
	   2 Input      1 Bit        Muxes := 9     
Module alu_control 
Detailed RTL Component Info : 
+---XORs : 
	   2 Input      1 Bit         XORs := 2     
+---Muxes : 
	   9 Input      4 Bit        Muxes := 1     
	   5 Input      4 Bit        Muxes := 1     
Module pc_reg 
Detailed RTL Component Info : 
+---Registers : 
	               32 Bit    Registers := 1     
Module registers 
Detailed RTL Component Info : 
+---Registers : 
	               32 Bit    Registers := 32    
+---Muxes : 
	  33 Input     32 Bit        Muxes := 2     
	   2 Input      1 Bit        Muxes := 32    
Module Shifter 
Detailed RTL Component Info : 
+---Muxes : 
	   4 Input     32 Bit        Muxes := 1     
Module cla_adder32 
Detailed RTL Component Info : 
+---XORs : 
	   3 Input     32 Bit         XORs := 1     
Module alu 
Detailed RTL Component Info : 
+---XORs : 
	   2 Input     32 Bit         XORs := 2     
	   2 Input      1 Bit         XORs := 2     
+---Muxes : 
	   4 Input     32 Bit        Muxes := 2     
	   2 Input      1 Bit        Muxes := 2     
Module mux 
Detailed RTL Component Info : 
+---Muxes : 
	   2 Input     32 Bit        Muxes := 1     
Module data_memory 
Detailed RTL Component Info : 
+---Muxes : 
	   4 Input     32 Bit        Muxes := 1     
	   2 Input     32 Bit        Muxes := 7     
	   2 Input     16 Bit        Muxes := 1     
	   4 Input      8 Bit        Muxes := 1     
---------------------------------------------------------------------------------
Finished RTL Hierarchical Component Statistics
---------------------------------------------------------------------------------
---------------------------------------------------------------------------------
Start Part Resource Summary
---------------------------------------------------------------------------------
Part Resources:
DSPs: 240 (col length:80)
BRAMs: 270 (col length: RAMB18 80 RAMB36 40)
---------------------------------------------------------------------------------
Finished Part Resource Summary
---------------------------------------------------------------------------------
No constraint files found.
---------------------------------------------------------------------------------
Start Cross Boundary and Area Optimization
---------------------------------------------------------------------------------
Warning: Parallel synthesis criteria is not met 
INFO: [Synth 8-3886] merging instance 'riscv_inst/datapath_inst/registers_inst/regs_reg[31][15]' (FDRE) to 'riscv_inst/datapath_inst/registers_inst/regs_reg[1][15]'
INFO: [Synth 8-3886] merging instance 'riscv_inst/datapath_inst/registers_inst/regs_reg[15][15]' (FDRE) to 'riscv_inst/datapath_inst/registers_inst/regs_reg[1][15]'
INFO: [Synth 8-3886] merging instance 'riscv_inst/datapath_inst/registers_inst/regs_reg[23][15]' (FDRE) to 'riscv_inst/datapath_inst/registers_inst/regs_reg[1][15]'
INFO: [Synth 8-3886] merging instance 'riscv_inst/datapath_inst/registers_inst/regs_reg[7][15]' (FDRE) to 'riscv_inst/datapath_inst/registers_inst/regs_reg[1][15]'
INFO: [Synth 8-3886] merging instance 'riscv_inst/datapath_inst/registers_inst/regs_reg[27][15]' (FDRE) to 'riscv_inst/datapath_inst/registers_inst/regs_reg[1][15]'
INFO: [Synth 8-3886] merging instance 'riscv_inst/datapath_inst/registers_inst/regs_reg[11][15]' (FDRE) to 'riscv_inst/datapath_inst/registers_inst/regs_reg[1][15]'
INFO: [Synth 8-3886] merging instance 'riscv_inst/datapath_inst/registers_inst/regs_reg[19][15]' (FDRE) to 'riscv_inst/datapath_inst/registers_inst/regs_reg[1][15]'
INFO: [Synth 8-3886] merging instance 'riscv_inst/datapath_inst/registers_inst/regs_reg[3][15]' (FDRE) to 'riscv_inst/datapath_inst/registers_inst/regs_reg[1][15]'
INFO: [Synth 8-3886] merging instance 'riscv_inst/datapath_inst/registers_inst/regs_reg[29][15]' (FDRE) to 'riscv_inst/datapath_inst/registers_inst/regs_reg[1][15]'
INFO: [Synth 8-3886] merging instance 'riscv_inst/datapath_inst/registers_inst/regs_reg[13][15]' (FDRE) to 'riscv_inst/datapath_inst/registers_inst/regs_reg[1][15]'
INFO: [Synth 8-3886] merging instance 'riscv_inst/datapath_inst/registers_inst/regs_reg[21][15]' (FDRE) to 'riscv_inst/datapath_inst/registers_inst/regs_reg[1][15]'
INFO: [Synth 8-3886] merging instance 'riscv_inst/datapath_inst/registers_inst/regs_reg[5][15]' (FDRE) to 'riscv_inst/datapath_inst/registers_inst/regs_reg[1][15]'
INFO: [Synth 8-3886] merging instance 'riscv_inst/datapath_inst/registers_inst/regs_reg[25][15]' (FDRE) to 'riscv_inst/datapath_inst/registers_inst/regs_reg[1][15]'
INFO: [Synth 8-3886] merging instance 'riscv_inst/datapath_inst/registers_inst/regs_reg[9][15]' (FDRE) to 'riscv_inst/datapath_inst/registers_inst/regs_reg[1][15]'
INFO: [Synth 8-3886] merging instance 'riscv_inst/datapath_inst/registers_inst/regs_reg[17][15]' (FDRE) to 'riscv_inst/datapath_inst/registers_inst/regs_reg[1][15]'
INFO: [Synth 8-3886] merging instance 'riscv_inst/datapath_inst/registers_inst/regs_reg[1][15]' (FDRE) to 'riscv_inst/datapath_inst/registers_inst/regs_reg[30][15]'
INFO: [Synth 8-3886] merging instance 'riscv_inst/datapath_inst/registers_inst/regs_reg[30][15]' (FDRE) to 'riscv_inst/datapath_inst/registers_inst/regs_reg[28][15]'
INFO: [Synth 8-3886] merging instance 'riscv_inst/datapath_inst/registers_inst/regs_reg[14][15]' (FDRE) to 'riscv_inst/datapath_inst/registers_inst/regs_reg[28][15]'
INFO: [Synth 8-3886] merging instance 'riscv_inst/datapath_inst/registers_inst/regs_reg[22][15]' (FDRE) to 'riscv_inst/datapath_inst/registers_inst/regs_reg[28][15]'
INFO: [Synth 8-3886] merging instance 'riscv_inst/datapath_inst/registers_inst/regs_reg[6][15]' (FDRE) to 'riscv_inst/datapath_inst/registers_inst/regs_reg[28][15]'
INFO: [Synth 8-3886] merging instance 'riscv_inst/datapath_inst/registers_inst/regs_reg[26][15]' (FDRE) to 'riscv_inst/datapath_inst/registers_inst/regs_reg[28][15]'
INFO: [Synth 8-3886] merging instance 'riscv_inst/datapath_inst/registers_inst/regs_reg[10][15]' (FDRE) to 'riscv_inst/datapath_inst/registers_inst/regs_reg[28][15]'
INFO: [Synth 8-3886] merging instance 'riscv_inst/datapath_inst/registers_inst/regs_reg[18][15]' (FDRE) to 'riscv_inst/datapath_inst/registers_inst/regs_reg[28][15]'
INFO: [Synth 8-3886] merging instance 'riscv_inst/datapath_inst/registers_inst/regs_reg[2][15]' (FDRE) to 'riscv_inst/datapath_inst/registers_inst/regs_reg[28][15]'
INFO: [Synth 8-3886] merging instance 'riscv_inst/datapath_inst/registers_inst/regs_reg[28][15]' (FDRE) to 'riscv_inst/datapath_inst/registers_inst/regs_reg[24][15]'
INFO: [Synth 8-3886] merging instance 'riscv_inst/datapath_inst/registers_inst/regs_reg[12][15]' (FDRE) to 'riscv_inst/datapath_inst/registers_inst/regs_reg[24][15]'
INFO: [Synth 8-3886] merging instance 'riscv_inst/datapath_inst/registers_inst/regs_reg[20][15]' (FDRE) to 'riscv_inst/datapath_inst/registers_inst/regs_reg[24][15]'
INFO: [Synth 8-3886] merging instance 'riscv_inst/datapath_inst/registers_inst/regs_reg[4][15]' (FDRE) to 'riscv_inst/datapath_inst/registers_inst/regs_reg[24][15]'
INFO: [Synth 8-3886] merging instance 'riscv_inst/datapath_inst/registers_inst/regs_reg[24][15]' (FDRE) to 'riscv_inst/datapath_inst/registers_inst/regs_reg[16][15]'
INFO: [Synth 8-3886] merging instance 'riscv_inst/datapath_inst/registers_inst/regs_reg[8][15]' (FDRE) to 'riscv_inst/datapath_inst/registers_inst/regs_reg[16][15]'
INFO: [Synth 8-3333] propagating constant 0 across sequential element (\riscv_inst/datapath_inst /registers_inst/\regs_reg[16][15] )
INFO: [Synth 8-3886] merging instance 'riscv_inst/datapath_inst/registers_inst/regs_reg[31][14]' (FDRE) to 'riscv_inst/datapath_inst/registers_inst/regs_reg[1][14]'
INFO: [Synth 8-3886] merging instance 'riscv_inst/datapath_inst/registers_inst/regs_reg[15][14]' (FDRE) to 'riscv_inst/datapath_inst/registers_inst/regs_reg[1][14]'
INFO: [Synth 8-3886] merging instance 'riscv_inst/datapath_inst/registers_inst/regs_reg[23][14]' (FDRE) to 'riscv_inst/datapath_inst/registers_inst/regs_reg[1][14]'
INFO: [Synth 8-3886] merging instance 'riscv_inst/datapath_inst/registers_inst/regs_reg[7][14]' (FDRE) to 'riscv_inst/datapath_inst/registers_inst/regs_reg[1][14]'
INFO: [Synth 8-3886] merging instance 'riscv_inst/datapath_inst/registers_inst/regs_reg[27][14]' (FDRE) to 'riscv_inst/datapath_inst/registers_inst/regs_reg[1][14]'
INFO: [Synth 8-3886] merging instance 'riscv_inst/datapath_inst/registers_inst/regs_reg[11][14]' (FDRE) to 'riscv_inst/datapath_inst/registers_inst/regs_reg[1][14]'
INFO: [Synth 8-3886] merging instance 'riscv_inst/datapath_inst/registers_inst/regs_reg[19][14]' (FDRE) to 'riscv_inst/datapath_inst/registers_inst/regs_reg[1][14]'
INFO: [Synth 8-3886] merging instance 'riscv_inst/datapath_inst/registers_inst/regs_reg[3][14]' (FDRE) to 'riscv_inst/datapath_inst/registers_inst/regs_reg[1][14]'
INFO: [Synth 8-3886] merging instance 'riscv_inst/datapath_inst/registers_inst/regs_reg[29][14]' (FDRE) to 'riscv_inst/datapath_inst/registers_inst/regs_reg[1][14]'
INFO: [Synth 8-3886] merging instance 'riscv_inst/datapath_inst/registers_inst/regs_reg[13][14]' (FDRE) to 'riscv_inst/datapath_inst/registers_inst/regs_reg[1][14]'
INFO: [Synth 8-3886] merging instance 'riscv_inst/datapath_inst/registers_inst/regs_reg[21][14]' (FDRE) to 'riscv_inst/datapath_inst/registers_inst/regs_reg[1][14]'
INFO: [Synth 8-3886] merging instance 'riscv_inst/datapath_inst/registers_inst/regs_reg[5][14]' (FDRE) to 'riscv_inst/datapath_inst/registers_inst/regs_reg[1][14]'
INFO: [Synth 8-3886] merging instance 'riscv_inst/datapath_inst/registers_inst/regs_reg[25][14]' (FDRE) to 'riscv_inst/datapath_inst/registers_inst/regs_reg[1][14]'
INFO: [Synth 8-3886] merging instance 'riscv_inst/datapath_inst/registers_inst/regs_reg[9][14]' (FDRE) to 'riscv_inst/datapath_inst/registers_inst/regs_reg[1][14]'
INFO: [Synth 8-3886] merging instance 'riscv_inst/datapath_inst/registers_inst/regs_reg[17][14]' (FDRE) to 'riscv_inst/datapath_inst/registers_inst/regs_reg[1][14]'
INFO: [Synth 8-3886] merging instance 'riscv_inst/datapath_inst/registers_inst/regs_reg[1][14]' (FDRE) to 'riscv_inst/datapath_inst/registers_inst/regs_reg[30][14]'
INFO: [Synth 8-3886] merging instance 'riscv_inst/datapath_inst/registers_inst/regs_reg[30][14]' (FDRE) to 'riscv_inst/datapath_inst/registers_inst/regs_reg[28][14]'
INFO: [Synth 8-3886] merging instance 'riscv_inst/datapath_inst/registers_inst/regs_reg[14][14]' (FDRE) to 'riscv_inst/datapath_inst/registers_inst/regs_reg[28][14]'
INFO: [Synth 8-3886] merging instance 'riscv_inst/datapath_inst/registers_inst/regs_reg[22][14]' (FDRE) to 'riscv_inst/datapath_inst/registers_inst/regs_reg[28][14]'
INFO: [Synth 8-3886] merging instance 'riscv_inst/datapath_inst/registers_inst/regs_reg[6][14]' (FDRE) to 'riscv_inst/datapath_inst/registers_inst/regs_reg[28][14]'
INFO: [Synth 8-3886] merging instance 'riscv_inst/datapath_inst/registers_inst/regs_reg[26][14]' (FDRE) to 'riscv_inst/datapath_inst/registers_inst/regs_reg[28][14]'
INFO: [Synth 8-3886] merging instance 'riscv_inst/datapath_inst/registers_inst/regs_reg[10][14]' (FDRE) to 'riscv_inst/datapath_inst/registers_inst/regs_reg[28][14]'
INFO: [Synth 8-3886] merging instance 'riscv_inst/datapath_inst/registers_inst/regs_reg[18][14]' (FDRE) to 'riscv_inst/datapath_inst/registers_inst/regs_reg[28][14]'
INFO: [Synth 8-3886] merging instance 'riscv_inst/datapath_inst/registers_inst/regs_reg[2][14]' (FDRE) to 'riscv_inst/datapath_inst/registers_inst/regs_reg[28][14]'
INFO: [Synth 8-3886] merging instance 'riscv_inst/datapath_inst/registers_inst/regs_reg[28][14]' (FDRE) to 'riscv_inst/datapath_inst/registers_inst/regs_reg[24][14]'
INFO: [Synth 8-3886] merging instance 'riscv_inst/datapath_inst/registers_inst/regs_reg[12][14]' (FDRE) to 'riscv_inst/datapath_inst/registers_inst/regs_reg[24][14]'
INFO: [Synth 8-3886] merging instance 'riscv_inst/datapath_inst/registers_inst/regs_reg[20][14]' (FDRE) to 'riscv_inst/datapath_inst/registers_inst/regs_reg[24][14]'
INFO: [Synth 8-3886] merging instance 'riscv_inst/datapath_inst/registers_inst/regs_reg[4][14]' (FDRE) to 'riscv_inst/datapath_inst/registers_inst/regs_reg[24][14]'
INFO: [Synth 8-3886] merging instance 'riscv_inst/datapath_inst/registers_inst/regs_reg[24][14]' (FDRE) to 'riscv_inst/datapath_inst/registers_inst/regs_reg[16][14]'
INFO: [Synth 8-3886] merging instance 'riscv_inst/datapath_inst/registers_inst/regs_reg[8][14]' (FDRE) to 'riscv_inst/datapath_inst/registers_inst/regs_reg[16][14]'
INFO: [Synth 8-3333] propagating constant 0 across sequential element (\riscv_inst/datapath_inst /registers_inst/\regs_reg[16][14] )
INFO: [Synth 8-3886] merging instance 'riscv_inst/datapath_inst/registers_inst/regs_reg[31][13]' (FDRE) to 'riscv_inst/datapath_inst/registers_inst/regs_reg[1][13]'
INFO: [Synth 8-3886] merging instance 'riscv_inst/datapath_inst/registers_inst/regs_reg[15][13]' (FDRE) to 'riscv_inst/datapath_inst/registers_inst/regs_reg[1][13]'
INFO: [Synth 8-3886] merging instance 'riscv_inst/datapath_inst/registers_inst/regs_reg[23][13]' (FDRE) to 'riscv_inst/datapath_inst/registers_inst/regs_reg[1][13]'
INFO: [Synth 8-3886] merging instance 'riscv_inst/datapath_inst/registers_inst/regs_reg[7][13]' (FDRE) to 'riscv_inst/datapath_inst/registers_inst/regs_reg[1][13]'
INFO: [Synth 8-3886] merging instance 'riscv_inst/datapath_inst/registers_inst/regs_reg[27][13]' (FDRE) to 'riscv_inst/datapath_inst/registers_inst/regs_reg[1][13]'
INFO: [Synth 8-3886] merging instance 'riscv_inst/datapath_inst/registers_inst/regs_reg[11][13]' (FDRE) to 'riscv_inst/datapath_inst/registers_inst/regs_reg[1][13]'
INFO: [Synth 8-3886] merging instance 'riscv_inst/datapath_inst/registers_inst/regs_reg[19][13]' (FDRE) to 'riscv_inst/datapath_inst/registers_inst/regs_reg[1][13]'
INFO: [Synth 8-3886] merging instance 'riscv_inst/datapath_inst/registers_inst/regs_reg[3][13]' (FDRE) to 'riscv_inst/datapath_inst/registers_inst/regs_reg[1][13]'
INFO: [Synth 8-3886] merging instance 'riscv_inst/datapath_inst/registers_inst/regs_reg[29][13]' (FDRE) to 'riscv_inst/datapath_inst/registers_inst/regs_reg[1][13]'
INFO: [Synth 8-3886] merging instance 'riscv_inst/datapath_inst/registers_inst/regs_reg[13][13]' (FDRE) to 'riscv_inst/datapath_inst/registers_inst/regs_reg[1][13]'
INFO: [Synth 8-3886] merging instance 'riscv_inst/datapath_inst/registers_inst/regs_reg[21][13]' (FDRE) to 'riscv_inst/datapath_inst/registers_inst/regs_reg[1][13]'
INFO: [Synth 8-3886] merging instance 'riscv_inst/datapath_inst/registers_inst/regs_reg[5][13]' (FDRE) to 'riscv_inst/datapath_inst/registers_inst/regs_reg[1][13]'
INFO: [Synth 8-3886] merging instance 'riscv_inst/datapath_inst/registers_inst/regs_reg[25][13]' (FDRE) to 'riscv_inst/datapath_inst/registers_inst/regs_reg[1][13]'
INFO: [Synth 8-3886] merging instance 'riscv_inst/datapath_inst/registers_inst/regs_reg[9][13]' (FDRE) to 'riscv_inst/datapath_inst/registers_inst/regs_reg[1][13]'
INFO: [Synth 8-3886] merging instance 'riscv_inst/datapath_inst/registers_inst/regs_reg[17][13]' (FDRE) to 'riscv_inst/datapath_inst/registers_inst/regs_reg[1][13]'
INFO: [Synth 8-3886] merging instance 'riscv_inst/datapath_inst/registers_inst/regs_reg[1][13]' (FDRE) to 'riscv_inst/datapath_inst/registers_inst/regs_reg[30][13]'
INFO: [Synth 8-3886] merging instance 'riscv_inst/datapath_inst/registers_inst/regs_reg[30][13]' (FDRE) to 'riscv_inst/datapath_inst/registers_inst/regs_reg[28][13]'
INFO: [Synth 8-3886] merging instance 'riscv_inst/datapath_inst/registers_inst/regs_reg[14][13]' (FDRE) to 'riscv_inst/datapath_inst/registers_inst/regs_reg[28][13]'
INFO: [Synth 8-3886] merging instance 'riscv_inst/datapath_inst/registers_inst/regs_reg[22][13]' (FDRE) to 'riscv_inst/datapath_inst/registers_inst/regs_reg[28][13]'
INFO: [Synth 8-3886] merging instance 'riscv_inst/datapath_inst/registers_inst/regs_reg[6][13]' (FDRE) to 'riscv_inst/datapath_inst/registers_inst/regs_reg[28][13]'
INFO: [Synth 8-3886] merging instance 'riscv_inst/datapath_inst/registers_inst/regs_reg[26][13]' (FDRE) to 'riscv_inst/datapath_inst/registers_inst/regs_reg[28][13]'
INFO: [Synth 8-3886] merging instance 'riscv_inst/datapath_inst/registers_inst/regs_reg[10][13]' (FDRE) to 'riscv_inst/datapath_inst/registers_inst/regs_reg[28][13]'
INFO: [Synth 8-3886] merging instance 'riscv_inst/datapath_inst/registers_inst/regs_reg[18][13]' (FDRE) to 'riscv_inst/datapath_inst/registers_inst/regs_reg[28][13]'
INFO: [Synth 8-3886] merging instance 'riscv_inst/datapath_inst/registers_inst/regs_reg[2][13]' (FDRE) to 'riscv_inst/datapath_inst/registers_inst/regs_reg[28][13]'
INFO: [Synth 8-3886] merging instance 'riscv_inst/datapath_inst/registers_inst/regs_reg[28][13]' (FDRE) to 'riscv_inst/datapath_inst/registers_inst/regs_reg[24][13]'
INFO: [Synth 8-3886] merging instance 'riscv_inst/datapath_inst/registers_inst/regs_reg[12][13]' (FDRE) to 'riscv_inst/datapath_inst/registers_inst/regs_reg[24][13]'
INFO: [Synth 8-3886] merging instance 'riscv_inst/datapath_inst/registers_inst/regs_reg[20][13]' (FDRE) to 'riscv_inst/datapath_inst/registers_inst/regs_reg[24][13]'
INFO: [Synth 8-3886] merging instance 'riscv_inst/datapath_inst/registers_inst/regs_reg[4][13]' (FDRE) to 'riscv_inst/datapath_inst/registers_inst/regs_reg[24][13]'
INFO: [Synth 8-3886] merging instance 'riscv_inst/datapath_inst/registers_inst/regs_reg[24][13]' (FDRE) to 'riscv_inst/datapath_inst/registers_inst/regs_reg[16][13]'
INFO: [Synth 8-3886] merging instance 'riscv_inst/datapath_inst/registers_inst/regs_reg[8][13]' (FDRE) to 'riscv_inst/datapath_inst/registers_inst/regs_reg[16][13]'
INFO: [Synth 8-3333] propagating constant 0 across sequential element (\riscv_inst/datapath_inst /registers_inst/\regs_reg[16][13] )
INFO: [Synth 8-3886] merging instance 'riscv_inst/datapath_inst/registers_inst/regs_reg[31][12]' (FDRE) to 'riscv_inst/datapath_inst/registers_inst/regs_reg[1][12]'
INFO: [Synth 8-3886] merging instance 'riscv_inst/datapath_inst/registers_inst/regs_reg[15][12]' (FDRE) to 'riscv_inst/datapath_inst/registers_inst/regs_reg[1][12]'
INFO: [Synth 8-3886] merging instance 'riscv_inst/datapath_inst/registers_inst/regs_reg[23][12]' (FDRE) to 'riscv_inst/datapath_inst/registers_inst/regs_reg[1][12]'
INFO: [Synth 8-3886] merging instance 'riscv_inst/datapath_inst/registers_inst/regs_reg[7][12]' (FDRE) to 'riscv_inst/datapath_inst/registers_inst/regs_reg[1][12]'
INFO: [Synth 8-3886] merging instance 'riscv_inst/datapath_inst/registers_inst/regs_reg[27][12]' (FDRE) to 'riscv_inst/datapath_inst/registers_inst/regs_reg[1][12]'
INFO: [Synth 8-3886] merging instance 'riscv_inst/datapath_inst/registers_inst/regs_reg[11][12]' (FDRE) to 'riscv_inst/datapath_inst/registers_inst/regs_reg[1][12]'
INFO: [Synth 8-3886] merging instance 'riscv_inst/datapath_inst/registers_inst/regs_reg[19][12]' (FDRE) to 'riscv_inst/datapath_inst/registers_inst/regs_reg[1][12]'
INFO: [Synth 8-3886] merging instance 'riscv_inst/datapath_inst/registers_inst/regs_reg[3][12]' (FDRE) to 'riscv_inst/datapath_inst/registers_inst/regs_reg[1][12]'
INFO: [Synth 8-3886] merging instance 'riscv_inst/datapath_inst/registers_inst/regs_reg[29][12]' (FDRE) to 'riscv_inst/datapath_inst/registers_inst/regs_reg[1][12]'
INFO: [Synth 8-3886] merging instance 'riscv_inst/datapath_inst/registers_inst/regs_reg[13][12]' (FDRE) to 'riscv_inst/datapath_inst/registers_inst/regs_reg[1][12]'
INFO: [Common 17-14] Message 'Synth 8-3886' appears 100 times and further instances of the messages will be disabled. Use the Tcl command set_msg_config to change the current settings.
INFO: [Synth 8-3333] propagating constant 0 across sequential element (\riscv_inst/datapath_inst /registers_inst/\regs_reg[16][12] )
INFO: [Synth 8-3333] propagating constant 0 across sequential element (\riscv_inst/datapath_inst /registers_inst/\regs_reg[16][11] )
INFO: [Synth 8-3333] propagating constant 0 across sequential element (\riscv_inst/datapath_inst /registers_inst/\regs_reg[16][10] )
INFO: [Synth 8-3333] propagating constant 0 across sequential element (\riscv_inst/datapath_inst /registers_inst/\regs_reg[16][9] )
INFO: [Synth 8-3333] propagating constant 0 across sequential element (\riscv_inst/datapath_inst /registers_inst/\regs_reg[16][8] )
INFO: [Synth 8-3333] propagating constant 0 across sequential element (\riscv_inst/datapath_inst /registers_inst/\regs_reg[16][7] )
INFO: [Synth 8-3333] propagating constant 0 across sequential element (\riscv_inst/datapath_inst /registers_inst/\regs_reg[16][6] )
INFO: [Synth 8-3333] propagating constant 0 across sequential element (\riscv_inst/datapath_inst /registers_inst/\regs_reg[16][5] )
INFO: [Synth 8-3333] propagating constant 0 across sequential element (\riscv_inst/datapath_inst /registers_inst/\regs_reg[16][4] )
INFO: [Synth 8-3333] propagating constant 0 across sequential element (\riscv_inst/datapath_inst /registers_inst/\regs_reg[16][3] )
INFO: [Synth 8-3333] propagating constant 0 across sequential element (\riscv_inst/datapath_inst /registers_inst/\regs_reg[16][2] )
INFO: [Synth 8-3333] propagating constant 0 across sequential element (\riscv_inst/datapath_inst /registers_inst/\regs_reg[16][1] )
INFO: [Synth 8-3333] propagating constant 0 across sequential element (\riscv_inst/datapath_inst /registers_inst/\regs_reg[16][0] )
INFO: [Synth 8-3333] propagating constant 0 across sequential element (\riscv_inst/datapath_inst /registers_inst/\regs_reg[16][27] )
INFO: [Synth 8-3333] propagating constant 0 across sequential element (\riscv_inst/datapath_inst /registers_inst/\regs_reg[16][26] )
INFO: [Synth 8-3333] propagating constant 0 across sequential element (\riscv_inst/datapath_inst /registers_inst/\regs_reg[16][25] )
INFO: [Synth 8-3333] propagating constant 0 across sequential element (\riscv_inst/datapath_inst /registers_inst/\regs_reg[16][24] )
INFO: [Synth 8-3333] propagating constant 0 across sequential element (\riscv_inst/datapath_inst /registers_inst/\regs_reg[16][23] )
INFO: [Synth 8-3333] propagating constant 0 across sequential element (\riscv_inst/datapath_inst /registers_inst/\regs_reg[16][22] )
INFO: [Synth 8-3333] propagating constant 0 across sequential element (\riscv_inst/datapath_inst /registers_inst/\regs_reg[16][21] )
INFO: [Synth 8-3333] propagating constant 0 across sequential element (\riscv_inst/datapath_inst /registers_inst/\regs_reg[16][20] )
INFO: [Synth 8-3333] propagating constant 0 across sequential element (\riscv_inst/datapath_inst /registers_inst/\regs_reg[16][16] )
INFO: [Synth 8-3333] propagating constant 0 across sequential element (\riscv_inst/datapath_inst /registers_inst/\regs_reg[16][17] )
INFO: [Synth 8-3333] propagating constant 0 across sequential element (\riscv_inst/datapath_inst /registers_inst/\regs_reg[16][18] )
INFO: [Synth 8-3333] propagating constant 0 across sequential element (\riscv_inst/datapath_inst /registers_inst/\regs_reg[16][19] )
INFO: [Synth 8-3333] propagating constant 0 across sequential element (\riscv_inst/datapath_inst /registers_inst/\regs_reg[16][30] )
INFO: [Synth 8-3333] propagating constant 0 across sequential element (\riscv_inst/datapath_inst /registers_inst/\regs_reg[16][29] )
INFO: [Synth 8-3333] propagating constant 0 across sequential element (\riscv_inst/datapath_inst /registers_inst/\regs_reg[16][28] )
INFO: [Synth 8-3333] propagating constant 0 across sequential element (\riscv_inst/datapath_inst /registers_inst/\regs_reg[16][31] )
INFO: [Synth 8-3333] propagating constant 0 across sequential element (\riscv_inst/datapath_inst /pc_reg_inst/\pc_out_reg[0] )
INFO: [Synth 8-3333] propagating constant 0 across sequential element (\riscv_inst/datapath_inst /pc_reg_inst/\pc_out_reg[1] )
---------------------------------------------------------------------------------
Finished Cross Boundary and Area Optimization : Time (s): cpu = 00:00:10 ; elapsed = 00:00:12 . Memory (MB): peak = 806.250 ; gain = 475.488
---------------------------------------------------------------------------------

Report RTL Partitions: 
+-+--------------+------------+----------+
| |RTL Partition |Replication |Instances |
+-+--------------+------------+----------+
+-+--------------+------------+----------+
No constraint files found.
---------------------------------------------------------------------------------
Start Timing Optimization
---------------------------------------------------------------------------------
---------------------------------------------------------------------------------
Finished Timing Optimization : Time (s): cpu = 00:00:10 ; elapsed = 00:00:12 . Memory (MB): peak = 812.723 ; gain = 481.961
---------------------------------------------------------------------------------

Report RTL Partitions: 
+-+--------------+------------+----------+
| |RTL Partition |Replication |Instances |
+-+--------------+------------+----------+
+-+--------------+------------+----------+
---------------------------------------------------------------------------------
Start Technology Mapping
---------------------------------------------------------------------------------
---------------------------------------------------------------------------------
Finished Technology Mapping : Time (s): cpu = 00:00:10 ; elapsed = 00:00:12 . Memory (MB): peak = 812.723 ; gain = 481.961
---------------------------------------------------------------------------------

Report RTL Partitions: 
+-+--------------+------------+----------+
| |RTL Partition |Replication |Instances |
+-+--------------+------------+----------+
+-+--------------+------------+----------+
---------------------------------------------------------------------------------
Start IO Insertion
---------------------------------------------------------------------------------
---------------------------------------------------------------------------------
Start Flattening Before IO Insertion
---------------------------------------------------------------------------------
---------------------------------------------------------------------------------
Finished Flattening Before IO Insertion
---------------------------------------------------------------------------------
---------------------------------------------------------------------------------
Start Final Netlist Cleanup
---------------------------------------------------------------------------------
---------------------------------------------------------------------------------
Finished Final Netlist Cleanup
---------------------------------------------------------------------------------
---------------------------------------------------------------------------------
Finished IO Insertion : Time (s): cpu = 00:00:13 ; elapsed = 00:00:15 . Memory (MB): peak = 812.723 ; gain = 481.961
---------------------------------------------------------------------------------
---------------------------------------------------------------------------------
Start Renaming Generated Instances
---------------------------------------------------------------------------------
---------------------------------------------------------------------------------
Finished Renaming Generated Instances : Time (s): cpu = 00:00:13 ; elapsed = 00:00:15 . Memory (MB): peak = 812.723 ; gain = 481.961
---------------------------------------------------------------------------------

Report RTL Partitions: 
+-+--------------+------------+----------+
| |RTL Partition |Replication |Instances |
+-+--------------+------------+----------+
+-+--------------+------------+----------+

Report Check Netlist: 
+------+------------------+-------+---------+-------+------------------+
|      |Item              |Errors |Warnings |Status |Description       |
+------+------------------+-------+---------+-------+------------------+
|1     |multi_driven_nets |      0|        0|Passed |Multi driven nets |
+------+------------------+-------+---------+-------+------------------+
---------------------------------------------------------------------------------
Start Rebuilding User Hierarchy
---------------------------------------------------------------------------------
---------------------------------------------------------------------------------
Finished Rebuilding User Hierarchy : Time (s): cpu = 00:00:13 ; elapsed = 00:00:15 . Memory (MB): peak = 812.723 ; gain = 481.961
---------------------------------------------------------------------------------
---------------------------------------------------------------------------------
Start Renaming Generated Ports
---------------------------------------------------------------------------------
---------------------------------------------------------------------------------
Finished Renaming Generated Ports : Time (s): cpu = 00:00:13 ; elapsed = 00:00:15 . Memory (MB): peak = 812.723 ; gain = 481.961
---------------------------------------------------------------------------------
---------------------------------------------------------------------------------
Start Handling Custom Attributes
---------------------------------------------------------------------------------
---------------------------------------------------------------------------------
Finished Handling Custom Attributes : Time (s): cpu = 00:00:13 ; elapsed = 00:00:15 . Memory (MB): peak = 812.723 ; gain = 481.961
---------------------------------------------------------------------------------
---------------------------------------------------------------------------------
Start Renaming Generated Nets
---------------------------------------------------------------------------------
---------------------------------------------------------------------------------
Finished Renaming Generated Nets : Time (s): cpu = 00:00:13 ; elapsed = 00:00:15 . Memory (MB): peak = 812.723 ; gain = 481.961
---------------------------------------------------------------------------------
---------------------------------------------------------------------------------
Start Writing Synthesis Report
---------------------------------------------------------------------------------

Report BlackBoxes: 
+-+--------------+----------+
| |BlackBox name |Instances |
+-+--------------+----------+
+-+--------------+----------+

Report Cell Usage: 
+------+-----+------+
|      |Cell |Count |
+------+-----+------+
|1     |BUFG |     1|
|2     |LUT1 |     2|
|3     |LUT2 |     2|
|4     |LUT3 |     2|
|5     |LUT4 |     1|
|6     |LUT5 |     1|
|7     |LUT6 |     2|
|8     |FDCE |     8|
|9     |IBUF |     2|
|10    |OBUF |     8|
+------+-----+------+

Report Instance Areas: 
+------+------------------+---------+------+
|      |Instance          |Module   |Cells |
+------+------------------+---------+------+
|1     |top               |         |    29|
|2     |  riscv_inst      |riscv    |    18|
|3     |    datapath_inst |datapath |    18|
|4     |      pc_reg_inst |pc_reg   |    18|
+------+------------------+---------+------+
---------------------------------------------------------------------------------
Finished Writing Synthesis Report : Time (s): cpu = 00:00:13 ; elapsed = 00:00:15 . Memory (MB): peak = 812.723 ; gain = 481.961
---------------------------------------------------------------------------------
Synthesis finished with 0 errors, 1 critical warnings and 280 warnings.
Synthesis Optimization Runtime : Time (s): cpu = 00:00:13 ; elapsed = 00:00:15 . Memory (MB): peak = 812.723 ; gain = 481.961
Synthesis Optimization Complete : Time (s): cpu = 00:00:13 ; elapsed = 00:00:15 . Memory (MB): peak = 812.723 ; gain = 481.961
INFO: [Project 1-571] Translating synthesized netlist
Netlist sorting complete. Time (s): cpu = 00:00:00 ; elapsed = 00:00:00 . Memory (MB): peak = 824.844 ; gain = 0.000
INFO: [Project 1-570] Preparing netlist for logic optimization
INFO: [Opt 31-138] Pushed 0 inverter(s) to 0 load pin(s).
Netlist sorting complete. Time (s): cpu = 00:00:00 ; elapsed = 00:00:00 . Memory (MB): peak = 912.977 ; gain = 0.000
INFO: [Project 1-111] Unisim Transformation Summary:
No Unisim elements were transformed.

INFO: [Common 17-83] Releasing license: Synthesis
183 Infos, 124 Warnings, 1 Critical Warnings and 0 Errors encountered.
synth_design completed successfully
synth_design: Time (s): cpu = 00:00:16 ; elapsed = 00:00:19 . Memory (MB): peak = 912.977 ; gain = 607.082
Netlist sorting complete. Time (s): cpu = 00:00:00 ; elapsed = 00:00:00 . Memory (MB): peak = 912.977 ; gain = 0.000
WARNING: [Constraints 18-5210] No constraints selected for write.
Resolution: This message can indicate that there are no constraints for the design, or it can indicate that the used_in flags are set such that the constraints are ignored. This later case is used when running synth_design to not write synthesis constraints to the resulting checkpoint. Instead, project constraints are read when the synthesized design is opened.
INFO: [Common 17-1381] The checkpoint 'D:/vivadoProject/new/new.runs/synth_1/riscv_top.dcp' has been generated.
INFO: [runtcl-4] Executing : report_utilization -file riscv_top_utilization_synth.rpt -pb riscv_top_utilization_synth.pb
INFO: [Common 17-206] Exiting Vivado at Thu Aug 24 14:23:17 2023...
